2024-07-10 15:32:36,837:INFO:generated new fontManager
2024-07-10 15:32:37,126:INFO:Project started
2024-07-10 15:34:56,111:INFO:Project started
2024-07-10 15:34:57,369:INFO:Failed to find the table in the HTML structure.
2024-07-10 15:34:57,369:INFO:Data extraction failed. Exiting the program.
2024-07-10 15:35:48,924:INFO:Project started
2024-07-10 15:35:50,078:INFO:Failed to find the table in the HTML structure.
2024-07-10 15:35:50,078:INFO:Data extraction failed. Exiting the program.
2024-07-10 15:37:13,524:INFO:Project started
2024-07-10 15:37:14,689:INFO:Failed to find the table in the HTML structure.
2024-07-10 15:37:14,702:INFO:HTML content saved to page_content.html for inspection.
2024-07-10 15:37:14,702:INFO:Data extraction failed. Exiting the program.
2024-07-10 15:40:40,882:INFO:Project started
2024-07-10 15:40:42,420:INFO:Failed to find the table in the HTML structure.
2024-07-10 15:40:42,432:INFO:HTML content saved to page_content.html for inspection.
2024-07-10 15:40:42,432:INFO:Data extraction failed. Exiting the program.
2024-07-10 15:42:00,726:INFO:Project started
2024-07-10 15:42:01,878:INFO:Table 1 class: ['wikitable', 'sortable', 'mw-collapsible']
2024-07-10 15:42:01,878:INFO:Table 2 class: ['wikitable', 'sortable', 'mw-collapsible']
2024-07-10 15:42:01,878:INFO:Table 3 class: ['wikitable', 'sortable', 'mw-collapsible']
2024-07-10 15:42:01,879:INFO:Failed to find the table in the HTML structure.
2024-07-10 15:42:01,892:INFO:HTML content saved to page_content.html for inspection.
2024-07-10 15:42:01,892:INFO:Data extraction failed. Exiting the program.
2024-07-11 15:41:42,267 - INFO - Project started
2024-07-11 15:41:44,058 - INFO - Data extraction completed successfully
2024-07-11 15:41:44,058 - INFO - Data transformation completed successfully
2024-07-11 15:41:44,066 - INFO - Data loaded to CSV successfully
2024-07-11 15:41:44,074 - INFO - Data loaded to database successfully
2024-07-11 15:41:44,074 - INFO - Running the query
2024-07-11 15:41:44,074 - INFO - Query executed successfully
2024-07-11 15:41:44,074 - INFO - Connection to SQLite database closed
2024-07-11 15:41:44,074 - INFO - Data queried successfully
2024-07-11 15:41:48,065 - INFO - Data visualization completed successfully
2024-07-11 15:41:48,065 - INFO - Project completed
2024-07-11 15:45:22,608 - INFO - Project started
2024-07-11 15:45:23,910 - INFO - Data extraction completed successfully
2024-07-11 15:45:23,910 - INFO - Data transformation completed successfully
2024-07-11 15:45:23,910 - INFO - Data loaded to CSV successfully
2024-07-11 15:45:23,931 - INFO - Data loaded to database successfully
2024-07-11 15:45:23,931 - INFO - Running the query
2024-07-11 15:45:23,931 - INFO - Query executed successfully
2024-07-11 15:45:23,931 - INFO - Connection to SQLite database closed
2024-07-11 15:45:23,931 - INFO - Data queried successfully
2024-07-11 15:45:43,277 - INFO - Data visualization completed successfully
2024-07-11 15:45:43,285 - INFO - Project completed
2024-07-11 21:03:40,956 - INFO - Project started
2024-07-11 21:03:44,380 - INFO - Data extraction completed successfully
2024-07-11 21:03:44,381 - ERROR - An error occurred during data transformation: Index Currency invalid
2024-07-11 21:07:04,871 - INFO - Project started
2024-07-11 21:07:05,990 - INFO - Data extraction completed successfully
2024-07-11 21:07:05,996 - ERROR - An error occurred during data transformation: Length mismatch: Expected axis has 3 elements, new values have 5 elements
2024-07-11 21:08:24,891 - INFO - Project started
2024-07-11 21:08:26,018 - INFO - Data extraction completed successfully
2024-07-11 21:08:26,019 - ERROR - An error occurred during data transformation: Length mismatch: Expected axis has 3 elements, new values have 5 elements
2024-07-11 21:09:04,772 - INFO - Project started
2024-07-11 21:09:07,780 - INFO - Data extraction completed successfully
2024-07-11 21:09:07,783 - INFO - Data transformation completed successfully
2024-07-11 21:09:07,787 - INFO - Data loaded to CSV successfully
2024-07-11 21:09:07,799 - INFO - Data loaded to database successfully
2024-07-11 21:09:07,799 - INFO - Running the query
2024-07-11 21:09:07,800 - ERROR - Database error: Execution failed on sql 'SELECT * FROM banks WHERE Country="USA"': no such column: Country
2024-07-11 21:09:07,800 - INFO - Connection to SQLite database closed
2024-07-11 21:09:07,800 - WARNING - Query returned no results: SELECT * FROM banks WHERE Country="USA"
2024-07-11 21:09:07,800 - INFO - Running the query
2024-07-11 21:09:07,801 - INFO - Query executed successfully
2024-07-11 21:09:07,801 - INFO - Connection to SQLite database closed
2024-07-11 21:09:07,801 - INFO - Data queried successfully: SELECT * FROM banks ORDER BY "Total assets (2022) (US$ billion)" DESC LIMIT 10
2024-07-11 21:09:07,811 - INFO - Running the query
2024-07-11 21:09:07,811 - INFO - Query executed successfully
2024-07-11 21:09:07,811 - INFO - Connection to SQLite database closed
2024-07-11 21:09:07,812 - INFO - Data queried successfully: SELECT "Bank name", "Total assets (2022) (Germany)" FROM banks ORDER BY "Total assets (2022) (Germany)" DESC LIMIT 10
2024-07-11 21:09:07,813 - ERROR - Column not found: 'Total assets (2022) (US$ billion)'
2024-07-11 21:09:07,814 - INFO - Data visualization completed successfully
2024-07-11 21:09:07,814 - INFO - Project completed
2024-07-11 21:11:57,339 - INFO - Project started
2024-07-11 21:11:58,879 - INFO - Data extraction completed successfully
2024-07-11 21:11:58,882 - INFO - Data transformation completed successfully
2024-07-11 21:11:58,883 - INFO - Data loaded to CSV successfully
2024-07-11 21:11:58,894 - INFO - Data loaded to database successfully
2024-07-11 21:11:58,894 - INFO - Running the query
2024-07-11 21:11:58,895 - INFO - Query executed successfully
2024-07-11 21:11:58,895 - INFO - Connection to SQLite database closed
2024-07-11 21:11:58,895 - INFO - Data queried successfully: SELECT * FROM banks WHERE Country="USA"
2024-07-11 21:11:58,901 - INFO - Running the query
2024-07-11 21:11:58,902 - INFO - Query executed successfully
2024-07-11 21:11:58,902 - INFO - Connection to SQLite database closed
2024-07-11 21:11:58,902 - INFO - Data queried successfully: SELECT * FROM banks ORDER BY "Market cap (US$ billion)" DESC LIMIT 10
2024-07-11 21:11:58,908 - INFO - Running the query
2024-07-11 21:11:58,908 - INFO - Query executed successfully
2024-07-11 21:11:58,908 - INFO - Connection to SQLite database closed
2024-07-11 21:11:58,909 - INFO - Data queried successfully: SELECT "Bank name", "Market cap (Germany)" FROM banks ORDER BY "Market cap (Germany)" DESC LIMIT 10
2024-07-11 21:11:58,912 - ERROR - Column not found: 'Market cap (US$ billion)'
2024-07-11 21:11:58,912 - INFO - Data visualization completed successfully
2024-07-11 21:11:58,912 - INFO - Project completed
2024-07-11 21:13:47,563 - INFO - Project started
2024-07-11 21:13:48,719 - INFO - Data extraction completed successfully
2024-07-11 21:13:48,721 - ERROR - An error occurred during data transformation: Length mismatch: Expected axis has 3 elements, new values have 5 elements
2024-07-11 21:14:54,859 - INFO - Project started
2024-07-11 21:14:56,549 - INFO - Data extraction completed successfully
2024-07-11 21:14:56,552 - INFO - Data transformation completed successfully
2024-07-11 21:14:56,553 - INFO - Data loaded to CSV successfully
2024-07-11 21:14:56,562 - INFO - Data loaded to database successfully
2024-07-11 21:14:56,562 - INFO - Running the query
2024-07-11 21:14:56,562 - ERROR - Database error: Execution failed on sql 'SELECT * FROM banks WHERE Country="USA"': no such column: Country
2024-07-11 21:14:56,562 - INFO - Connection to SQLite database closed
2024-07-11 21:14:56,562 - WARNING - Query returned no results: SELECT * FROM banks WHERE Country="USA"
2024-07-11 21:14:56,563 - INFO - Running the query
2024-07-11 21:14:56,563 - INFO - Query executed successfully
2024-07-11 21:14:56,563 - INFO - Connection to SQLite database closed
2024-07-11 21:14:56,563 - INFO - Data queried successfully: SELECT * FROM banks ORDER BY "Market cap (US$ billion)" DESC LIMIT 10
2024-07-11 21:14:56,569 - INFO - Running the query
2024-07-11 21:14:56,570 - INFO - Query executed successfully
2024-07-11 21:14:56,570 - INFO - Connection to SQLite database closed
2024-07-11 21:14:56,570 - INFO - Data queried successfully: SELECT "Bank name", "Market cap (Germany)" FROM banks ORDER BY "Market cap (Germany)" DESC LIMIT 10
2024-07-11 21:14:56,572 - ERROR - Column not found: 'Market cap (US$ billion)'
2024-07-11 21:14:56,573 - INFO - Data visualization completed successfully
2024-07-11 21:14:56,573 - INFO - Project completed
2024-07-11 21:16:36,052 - INFO - Project started
2024-07-11 21:16:37,262 - INFO - Data extraction completed successfully
2024-07-11 21:16:37,264 - INFO - Data transformation completed successfully
2024-07-11 21:16:37,266 - INFO - Data loaded to CSV successfully
2024-07-11 21:16:37,275 - INFO - Data loaded to database successfully
2024-07-11 21:16:37,275 - INFO - Running the query
2024-07-11 21:16:37,276 - ERROR - Database error: Execution failed on sql 'SELECT * FROM banks WHERE Country="USA"': no such column: Country
2024-07-11 21:16:37,276 - INFO - Connection to SQLite database closed
2024-07-11 21:16:37,276 - WARNING - Query returned no results: SELECT * FROM banks WHERE Country="USA"
2024-07-11 21:16:37,276 - INFO - Running the query
2024-07-11 21:16:37,276 - INFO - Query executed successfully
2024-07-11 21:16:37,276 - INFO - Connection to SQLite database closed
2024-07-11 21:16:37,276 - INFO - Data queried successfully: SELECT * FROM banks ORDER BY "Market cap (US$ billion)" DESC LIMIT 10
2024-07-11 21:16:37,281 - INFO - Running the query
2024-07-11 21:16:37,282 - INFO - Query executed successfully
2024-07-11 21:16:37,282 - INFO - Connection to SQLite database closed
2024-07-11 21:16:37,282 - INFO - Data queried successfully: SELECT "Bank name", "Market cap (Germany)" FROM banks ORDER BY "Market cap (Germany)" DESC LIMIT 10
2024-07-11 21:16:37,285 - ERROR - Column not found: 'Market cap (US$ billion)'
2024-07-11 21:16:37,285 - INFO - Data visualization completed successfully
2024-07-11 21:16:37,285 - INFO - Project completed
2024-07-11 21:18:34,468 - INFO - Project started
2024-07-11 21:18:35,773 - INFO - Data extraction completed successfully
2024-07-11 21:18:35,776 - INFO - Data transformation completed successfully
2024-07-11 21:18:35,778 - INFO - Data loaded to CSV successfully
2024-07-11 21:18:35,787 - INFO - Table created successfully with Country column.
2024-07-11 21:18:35,787 - INFO - Data loaded to database successfully
2024-07-11 21:18:35,787 - INFO - Running the query
2024-07-11 21:18:35,788 - INFO - Query executed successfully
2024-07-11 21:18:35,788 - INFO - Connection to SQLite database closed
2024-07-11 21:18:35,788 - WARNING - Query returned no results: SELECT * FROM banks WHERE Country="USA"
2024-07-11 21:18:35,788 - INFO - Running the query
2024-07-11 21:18:35,789 - INFO - Query executed successfully
2024-07-11 21:18:35,789 - INFO - Connection to SQLite database closed
2024-07-11 21:18:35,789 - INFO - Data queried successfully: SELECT * FROM banks ORDER BY "Market cap (US$ billion)" DESC LIMIT 10
2024-07-11 21:18:35,794 - INFO - Running the query
2024-07-11 21:18:35,794 - INFO - Query executed successfully
2024-07-11 21:18:35,794 - INFO - Connection to SQLite database closed
2024-07-11 21:18:35,795 - INFO - Data queried successfully: SELECT "Bank name", "Market cap (Germany)" FROM banks ORDER BY "Market cap (Germany)" DESC LIMIT 10
2024-07-11 21:18:48,419 - INFO - Data visualization completed successfully
2024-07-11 21:18:48,419 - INFO - Project completed
2024-07-11 21:22:18,207 - INFO - Project started
2024-07-11 21:22:19,974 - INFO - Data extraction completed successfully
2024-07-11 21:22:19,977 - INFO - Data transformation completed successfully
2024-07-11 21:22:19,978 - INFO - Data loaded to CSV successfully
2024-07-11 21:22:19,987 - INFO - Data loaded to database successfully
2024-07-11 21:22:19,988 - INFO - Data loaded to database successfully
2024-07-11 21:22:19,988 - INFO - Running the query
2024-07-11 21:22:19,989 - INFO - Query executed successfully
2024-07-11 21:22:19,989 - INFO - Connection to SQLite database closed
2024-07-11 21:22:19,989 - INFO - Data queried successfully: SELECT * FROM banks WHERE Country="USA"
2024-07-11 21:22:19,996 - INFO - Running the query
2024-07-11 21:22:19,997 - INFO - Query executed successfully
2024-07-11 21:22:19,997 - INFO - Connection to SQLite database closed
2024-07-11 21:22:19,997 - INFO - Data queried successfully: SELECT * FROM banks ORDER BY "Market cap (US$ billion)" DESC LIMIT 10
2024-07-11 21:22:20,003 - INFO - Running the query
2024-07-11 21:22:20,004 - INFO - Query executed successfully
2024-07-11 21:22:20,005 - INFO - Connection to SQLite database closed
2024-07-11 21:22:20,005 - INFO - Data queried successfully: SELECT "Bank name", "Market cap (Germany)" FROM banks ORDER BY "Market cap (Germany)" DESC LIMIT 10
2024-07-11 21:22:23,669 - INFO - Data visualization completed successfully
2024-07-11 21:22:23,670 - INFO - Project completed
2024-07-11 21:22:52,869 - INFO - Project started
2024-07-11 21:22:54,012 - INFO - Data extraction completed successfully
2024-07-11 21:22:54,015 - INFO - Data transformation completed successfully
2024-07-11 21:22:54,016 - INFO - Data loaded to CSV successfully
2024-07-11 21:22:54,025 - INFO - Data loaded to database successfully
2024-07-11 21:22:54,025 - INFO - Data loaded to database successfully
2024-07-11 21:22:54,026 - INFO - Running the query
2024-07-11 21:22:54,026 - INFO - Query executed successfully
2024-07-11 21:22:54,027 - INFO - Connection to SQLite database closed
2024-07-11 21:22:54,027 - INFO - Data queried successfully: SELECT * FROM banks WHERE Country="USA"
2024-07-11 21:22:54,035 - INFO - Running the query
2024-07-11 21:22:54,035 - INFO - Query executed successfully
2024-07-11 21:22:54,036 - INFO - Connection to SQLite database closed
2024-07-11 21:22:54,036 - INFO - Data queried successfully: SELECT * FROM banks ORDER BY "Market cap (US$ billion)" DESC LIMIT 10
2024-07-11 21:22:54,043 - INFO - Running the query
2024-07-11 21:22:54,043 - INFO - Query executed successfully
2024-07-11 21:22:54,044 - INFO - Connection to SQLite database closed
2024-07-11 21:22:54,044 - INFO - Data queried successfully: SELECT "Bank name", "Market cap (Germany)" FROM banks ORDER BY "Market cap (Germany)" DESC LIMIT 10
2024-07-11 21:23:13,562 - INFO - Data visualization completed successfully
2024-07-11 21:23:13,563 - INFO - Project completed
